make all --print-data-base --no-builtin-variables --no-builtin-rules --question
# GNU Make 3.81
# Copyright (C) 2006  Free Software Foundation, Inc.
# This is free software; see the source for copying conditions.
# There is NO warranty; not even for MERCHANTABILITY or FITNESS FOR A
# PARTICULAR PURPOSE.

# This program built for i386-apple-darwin11.3.0

# Make data base, printed on Sat Aug 20 17:00:55 2022

# Variables

# automatic
<D = $(patsubst %/,%,$(dir $<))
# automatic
?F = $(notdir $?)
# automatic
?D = $(patsubst %/,%,$(dir $?))
# environment
BASH_SILENCE_DEPRECATION_WARNING = 1
# automatic
@D = $(patsubst %/,%,$(dir $@))
# automatic
@F = $(notdir $@)
# makefile
CURDIR := /Users/mark/src/esp32/esp32-garagedoor
# makefile
SHELL = /bin/sh
# makefile (from `Makefile', line 12)
EXTRA_COMPONENT_DIRS = $(HOMEKIT_PATH)/components/ $(HOMEKIT_PATH)/components/homekit $(COMMON_COMPONENT_PATH)
# environment
VSCODE_NLS_CONFIG = {"locale":"en-us","availableLanguages":{},"_languagePackSupport":true}
# environment
_ = /usr/bin/make
# environment
GITHUB_TOKEN = c411efa16d8ddb6429c948ce5020e474c7de1c38
# makefile (from `Makefile', line 1)
MAKEFILE_LIST :=  Makefile
# environment
PERL_MM_OPT = INSTALL_BASE=/Users/mark/perl5
# environment
__CFBundleIdentifier = com.microsoft.VSCode
# environment
P4CHARSET = utf8
# environment
VSCODE_CWD = /
# environment
P4CLIENT = mbuckaway_markbookpro_macosx
# environment
PATH = ~/.local/bin:/usr/local/bin::/Users/mark/perl5/bin:/usr/local/bin:/usr/bin:/bin:/usr/sbin:/sbin:/usr/local/go/bin:/usr/local/share/dotnet:/opt/X11/bin:~/.dotnet/tools:/Library/Apple/usr/bin:/opt/ImageMagick/bin:/Applications/Wireshark.app/Contents/MacOS:/Users/mark/src/flutter/bin
# environment
LaunchInstanceID = 380C5BE7-9362-485E-AAF9-2504620CBB6C
# environment
ELECTRON_RUN_AS_NODE = 1
# default
.FEATURES := target-specific order-only second-expansion else-if archives jobserver check-symlink
# environment
SSH_AUTH_SOCK = /private/tmp/com.apple.launchd.1rN5ORIGoh/Listeners
# automatic
%F = $(notdir $%)
# makefile (from `Makefile', line 6)
HOMEKIT_PATH = $(abspath $(shell pwd)/../..)
# environment
SOURCE_DIR = /Users/mark/src/storagepipe
# environment
DISPLAY = localhost:0.0
# environment
VISUAL = vi
# environment
RSHELL_PORT = /dev/cu.usbserial-xel_sipeed0
# environment
PWD = /Users/mark/src/esp32/esp32-garagedoor
# environment
ORIGINAL_XDG_CURRENT_DESKTOP = undefined
# environment
VSCODE_AMD_ENTRYPOINT = vs/workbench/api/node/extensionHostProcess
# environment
HOME = /Users/mark
# environment
PERL_MB_OPT = --install_base "/Users/mark/perl5"
# environment
P4EDITOR = vi
# environment
PERL_LOCAL_LIB_ROOT = /Users/mark/perl5
# default
MAKEFILEPATH = $(shell /usr/bin/xcode-select -print-path 2>/dev/null || echo /Developer)/Makefiles
# environment
PERL5LIB = /Users/mark/perl5/lib/perl5
# environment
VSCODE_CODE_CACHE_PATH = /Users/mark/Library/Application Support/Code/CachedData/e4503b30fc78200f846c62cf8091b76ff5547662
# environment
LOGNAME = mark
# environment
APPLICATION_INSIGHTS_NO_DIAGNOSTIC_CHANNEL = 1
# environment
VSCODE_HANDLES_UNCAUGHT_ERRORS = true
# automatic
^D = $(patsubst %/,%,$(dir $^))
# environment
XPC_FLAGS = 0x0
# default
MAKE = $(MAKE_COMMAND)
# default
MAKECMDGOALS := all
# environment
SHLVL = 2
# default
MAKE_VERSION := 3.81
# environment
USER = mark
# makefile
.DEFAULT_GOAL := 
# automatic
%D = $(patsubst %/,%,$(dir $%))
# default
MAKE_COMMAND := /Library/Developer/CommandLineTools/usr/bin/make
# default
.VARIABLES := 
# environment
TMPDIR = /var/folders/s5/76d2lyxj1pz977yq1959fyp80000gn/T/
# automatic
*F = $(notdir $*)
# environment
VSCODE_IPC_HOOK = /Users/mark/Library/Application Support/Code/1.70.2-main.sock
# environment
MallocNanoZone = 0
# makefile
MAKEFLAGS = Rrp
# environment
MFLAGS = -Rrp
# automatic
*D = $(patsubst %/,%,$(dir $*))
# environment
XPC_SERVICE_NAME = application.com.microsoft.VSCode.9104332044.9104332050
# automatic
+D = $(patsubst %/,%,$(dir $+))
# automatic
+F = $(notdir $+)
# environment
__CF_USER_TEXT_ENCODING = 0x1F5:0x0:0x52
# environment
COMMAND_MODE = unix2003
# default
MAKEFILES := 
# makefile (from `Makefile', line 7)
COMMON_COMPONENT_PATH = $(abspath $(shell pwd)/../common)
# automatic
<F = $(notdir $<)
# makefile (from `Makefile', line 9)
PROJECT_NAME := garagedoor
# environment
AMPY_PORT = /dev/cu.usbserial-xel_sipeed0
# environment
SOURCEPATH = /Users/mark/src
# environment
LC_ALL = C
# environment
SECURITYSESSIONID = 186a6
# automatic
^F = $(notdir $^)
# default
SUFFIXES := 
# default
.INCLUDE_DIRS = /usr/local/include
# environment
MAKELEVEL := 0
# environment
P4USER = mbuckaway
# environment
LANG = C
# environment
P4PORT = perforce.hqcorp.storagepipe.local:1666
# environment
VSCODE_PID = 1728
# variable set hash-table stats:
# Load=81/1024=8%, Rehash=0, Collisions=2/110=2%

# Pattern-specific Variable Values

# No pattern-specific variable values.

# Directories

# . (device 16777220, inode 9001903709): 22 files, no impossibilities.

# 22 files, no impossibilities in 1 directories.

# Implicit Rules

# No implicit rules.

# Files

# Not a target:
all:
#  Command-line target.
#  Implicit rule search has not been done.
#  Modification time never checked.
#  File has not been updated.

# Not a target:
.SUFFIXES:
#  Implicit rule search has not been done.
#  Modification time never checked.
#  File has not been updated.

# Not a target:
Makefile:
#  Implicit rule search has not been done.
#  Last modified 2022-03-10 22:57:25
#  File has not been updated.

# Not a target:
.DEFAULT:
#  Implicit rule search has not been done.
#  Modification time never checked.
#  File has not been updated.

# Not a target:
/make/project.mk:
#  Implicit rule search has been done.
#  File does not exist.
#  File has not been updated.
# variable set hash-table stats:
# Load=0/32=0%, Rehash=0, Collisions=0/0=0%

# files hash-table stats:
# Load=5/1024=0%, Rehash=0, Collisions=0/18=0%
# VPATH Search Paths

# No `vpath' search paths.

# No general (`VPATH' variable) search path.

# # of strings in strcache: 2
# # of strcache buffers: 1
# strcache size: total = 4096 / max = 4096 / min = 4096 / avg = 4096
# strcache free: total = 4070 / max = 4070 / min = 4070 / avg = 4070

# Finished Make data base on Sat Aug 20 17:00:55 2022

 
Makefile:14: /make/project.mk: No such file or directory
make: *** No rule to make target `/make/project.mk'.  Stop.

